<?xml version="1.0" encoding="UTF-8"?>
<!-- Generated by org.testng.reporters.JUnitReportReporter -->
<testsuite hostname="DESKTOP-79H8R7K" failures="0" tests="1" name="restassuredpost.PostReq" time="4.069" errors="0" timestamp="2022-10-11T16:23:01 IST" skipped="0">
  <testcase classname="restassuredpost.PostReq" name="m1" time="4.069"/>
  <system-out/>
</testsuite> <!-- restassuredpost.PostReq -->
