<?xml version="1.0" encoding="UTF-8"?>
<!-- Generated by org.testng.reporters.JUnitReportReporter -->
<testsuite hostname="DESKTOP-79H8R7K" failures="0" tests="1" name="restassuredpost.GetAllProjects" time="1.370" errors="0" timestamp="2022-10-11T17:06:00 IST" skipped="0">
  <testcase classname="restassuredpost.GetAllProjects" name="getAllProject" time="1.370"/>
  <system-out/>
</testsuite> <!-- restassuredpost.GetAllProjects -->
