<?xml version="1.0" encoding="UTF-8"?>
<!-- Generated by org.testng.reporters.JUnitReportReporter -->
<testsuite hostname="DESKTOP-79H8R7K" failures="0" tests="1" name="parameters.QueryParameters" time="2.087" errors="0" timestamp="2022-10-12T12:01:18 IST" skipped="0">
  <testcase classname="parameters.QueryParameters" name="queryparam" time="2.087"/>
  <system-out/>
</testsuite> <!-- parameters.QueryParameters -->
