<?xml version="1.0" encoding="UTF-8"?>
<!-- Generated by org.testng.reporters.JUnitReportReporter -->
<testsuite hostname="DESKTOP-79H8R7K" failures="0" tests="1" name="practice.WriteDataToExcel" time="15.459" errors="0" timestamp="2022-10-21T17:28:48 IST" skipped="0">
  <testcase classname="practice.WriteDataToExcel" name="writeData" time="15.459"/>
  <system-out/>
</testsuite> <!-- practice.WriteDataToExcel -->
