<?xml version="1.0" encoding="UTF-8"?>
<!-- Generated by org.testng.reporters.JUnitReportReporter -->
<testsuite hostname="DESKTOP-79H8R7K" failures="0" tests="1" name="authentication.Basic" time="3.676" errors="0" timestamp="2022-10-11T17:14:54 IST" skipped="0">
  <testcase classname="authentication.Basic" name="basicAuth" time="3.676"/>
  <system-out/>
</testsuite> <!-- authentication.Basic -->
