<?xml version="1.0" encoding="UTF-8"?>
<!-- Generated by org.testng.reporters.JUnitReportReporter -->
<testsuite hostname="DESKTOP-79H8R7K" failures="0" tests="1" name="authentication.BearerToken" time="3.400" errors="0" timestamp="2022-10-11T18:05:21 IST" skipped="0">
  <testcase classname="authentication.BearerToken" name="bearer" time="3.400"/>
  <system-out/>
</testsuite> <!-- authentication.BearerToken -->
