<?xml version="1.0" encoding="UTF-8"?>
<!-- Generated by org.testng.reporters.JUnitReportReporter -->
<testsuite hostname="DESKTOP-79H8R7K" failures="0" tests="1" name="practice.seleniumScripts.ExcelFileHandling" time="2.657" errors="0" timestamp="2022-10-06T14:42:52 IST" skipped="0">
  <testcase classname="practice.seleniumScripts.ExcelFileHandling" name="excelfile" time="2.657"/>
  <system-out/>
</testsuite> <!-- practice.seleniumScripts.ExcelFileHandling -->
