<?xml version="1.0" encoding="UTF-8"?>
<!-- Generated by org.testng.reporters.JUnitReportReporter -->
<testsuite hostname="DESKTOP-79H8R7K" failures="0" tests="1" name="practice.seleniumScripts.NotificationPopUP" time="11.152" errors="0" timestamp="2022-10-20T12:03:56 IST" skipped="0">
  <testcase classname="practice.seleniumScripts.NotificationPopUP" name="allowPopup" time="11.152"/>
  <system-out/>
</testsuite> <!-- practice.seleniumScripts.NotificationPopUP -->
