<?xml version="1.0" encoding="UTF-8"?>
<!-- Generated by org.testng.reporters.JUnitReportReporter -->
<testsuite hostname="DESKTOP-79H8R7K" failures="0" tests="1" name="practice.seleniumScripts.ExcelFileHandle2" time="0.527" errors="0" timestamp="2022-10-06T15:52:36 IST" skipped="0">
  <testcase classname="practice.seleniumScripts.ExcelFileHandle2" name="excelfile" time="0.527"/>
  <system-out/>
</testsuite> <!-- practice.seleniumScripts.ExcelFileHandle2 -->
