<?xml version="1.0" encoding="UTF-8"?>
<!-- Generated by org.testng.reporters.JUnitReportReporter -->
<testsuite hostname="DESKTOP-79H8R7K" failures="0" tests="1" name="practice.seleniumScripts.PropertyFilehandling" time="7.764" errors="0" timestamp="2022-10-06T14:42:29 IST" skipped="0">
  <testcase classname="practice.seleniumScripts.PropertyFilehandling" name="propertyfile" time="7.764"/>
  <system-out/>
</testsuite> <!-- practice.seleniumScripts.PropertyFilehandling -->
